[Mon Dec 08 19:39:14.586499 2025] [php:error] [pid 106288] [client 45.148.10.23:36090] script '/var/www/html/phpinfo.php' not found or unable to stat
[Mon Dec 08 19:39:15.128454 2025] [php:error] [pid 106120] [client 45.148.10.23:36106] script '/var/www/html/info.php' not found or unable to stat
[Mon Dec 08 19:39:15.405448 2025] [php:error] [pid 106114] [client 45.148.10.23:36118] script '/var/www/html/index.php' not found or unable to stat
[Mon Dec 08 19:39:16.077047 2025] [php:error] [pid 106116] [client 45.148.10.23:36136] script '/var/www/html/app_dev.php' not found or unable to stat
[Mon Dec 08 19:39:16.322460 2025] [php:error] [pid 106288] [client 45.148.10.23:36138] script '/var/www/html/test.php' not found or unable to stat
[Mon Dec 08 19:44:10.704030 2025] [mpm_prefork:notice] [pid 106111] AH00171: Graceful restart requested, doing restart
[Mon Dec 08 19:44:10.802311 2025] [mpm_prefork:notice] [pid 106111] AH00163: Apache/2.4.58 (Ubuntu) OpenSSL/3.0.13 configured -- resuming normal operations
[Mon Dec 08 19:44:10.802331 2025] [core:notice] [pid 106111] AH00094: Command line: '/usr/sbin/apache2'
[Mon Dec 08 19:45:38.220057 2025] [mpm_prefork:notice] [pid 106111] AH00171: Graceful restart requested, doing restart
[Mon Dec 08 19:45:38.286851 2025] [mpm_prefork:notice] [pid 106111] AH00163: Apache/2.4.58 (Ubuntu) OpenSSL/3.0.13 configured -- resuming normal operations
[Mon Dec 08 19:45:38.286876 2025] [core:notice] [pid 106111] AH00094: Command line: '/usr/sbin/apache2'
[Mon Dec 08 20:02:04.226744 2025] [mpm_prefork:notice] [pid 106111] AH00171: Graceful restart requested, doing restart
[Mon Dec 08 20:02:04.300511 2025] [mpm_prefork:notice] [pid 106111] AH00163: Apache/2.4.58 (Ubuntu) OpenSSL/3.0.13 configured -- resuming normal operations
[Mon Dec 08 20:02:04.300537 2025] [core:notice] [pid 106111] AH00094: Command line: '/usr/sbin/apache2'
[Mon Dec 08 20:04:10.605791 2025] [mpm_prefork:notice] [pid 106111] AH00171: Graceful restart requested, doing restart
[Mon Dec 08 20:04:10.664555 2025] [mpm_prefork:notice] [pid 106111] AH00163: Apache/2.4.58 (Ubuntu) OpenSSL/3.0.13 configured -- resuming normal operations
[Mon Dec 08 20:04:10.664575 2025] [core:notice] [pid 106111] AH00094: Command line: '/usr/sbin/apache2'
[Mon Dec 08 20:07:36.558734 2025] [mpm_prefork:notice] [pid 106111] AH00171: Graceful restart requested, doing restart
[Mon Dec 08 20:07:36.623878 2025] [mpm_prefork:notice] [pid 106111] AH00163: Apache/2.4.58 (Ubuntu) OpenSSL/3.0.13 configured -- resuming normal operations
[Mon Dec 08 20:07:36.623899 2025] [core:notice] [pid 106111] AH00094: Command line: '/usr/sbin/apache2'
[Mon Dec 08 20:07:53.752981 2025] [mpm_prefork:notice] [pid 106111] AH00171: Graceful restart requested, doing restart
[Mon Dec 08 20:07:53.823499 2025] [mpm_prefork:notice] [pid 106111] AH00163: Apache/2.4.58 (Ubuntu) OpenSSL/3.0.13 configured -- resuming normal operations
[Mon Dec 08 20:07:53.823523 2025] [core:notice] [pid 106111] AH00094: Command line: '/usr/sbin/apache2'
[Mon Dec 08 20:09:42.374856 2025] [mpm_prefork:notice] [pid 106111] AH00171: Graceful restart requested, doing restart
[Mon Dec 08 20:09:42.428780 2025] [mpm_prefork:notice] [pid 106111] AH00163: Apache/2.4.58 (Ubuntu) OpenSSL/3.0.13 configured -- resuming normal operations
[Mon Dec 08 20:09:42.428800 2025] [core:notice] [pid 106111] AH00094: Command line: '/usr/sbin/apache2'
[Mon Dec 08 20:09:51.030654 2025] [mpm_prefork:notice] [pid 106111] AH00171: Graceful restart requested, doing restart
[Mon Dec 08 20:09:51.100593 2025] [mpm_prefork:notice] [pid 106111] AH00163: Apache/2.4.58 (Ubuntu) OpenSSL/3.0.13 configured -- resuming normal operations
[Mon Dec 08 20:09:51.100614 2025] [core:notice] [pid 106111] AH00094: Command line: '/usr/sbin/apache2'
[Mon Dec 08 20:09:57.661873 2025] [mpm_prefork:notice] [pid 106111] AH00171: Graceful restart requested, doing restart
[Mon Dec 08 20:09:57.738088 2025] [mpm_prefork:notice] [pid 106111] AH00163: Apache/2.4.58 (Ubuntu) OpenSSL/3.0.13 configured -- resuming normal operations
[Mon Dec 08 20:09:57.738106 2025] [core:notice] [pid 106111] AH00094: Command line: '/usr/sbin/apache2'
[Mon Dec 08 20:09:57.774215 2025] [mpm_prefork:notice] [pid 106111] AH00171: Graceful restart requested, doing restart
[Mon Dec 08 20:09:57.858879 2025] [mpm_prefork:notice] [pid 106111] AH00163: Apache/2.4.58 (Ubuntu) OpenSSL/3.0.13 configured -- resuming normal operations
[Mon Dec 08 20:09:57.858906 2025] [core:notice] [pid 106111] AH00094: Command line: '/usr/sbin/apache2'
[Mon Dec 08 20:10:15.501203 2025] [mpm_prefork:notice] [pid 106111] AH00171: Graceful restart requested, doing restart
[Mon Dec 08 20:10:15.569686 2025] [mpm_prefork:notice] [pid 106111] AH00163: Apache/2.4.58 (Ubuntu) OpenSSL/3.0.13 configured -- resuming normal operations
[Mon Dec 08 20:10:15.569706 2025] [core:notice] [pid 106111] AH00094: Command line: '/usr/sbin/apache2'
[Mon Dec 08 20:10:23.948418 2025] [mpm_prefork:notice] [pid 106111] AH00171: Graceful restart requested, doing restart
[Mon Dec 08 20:10:24.013792 2025] [mpm_prefork:notice] [pid 106111] AH00163: Apache/2.4.58 (Ubuntu) OpenSSL/3.0.13 configured -- resuming normal operations
[Mon Dec 08 20:10:24.016896 2025] [core:notice] [pid 106111] AH00094: Command line: '/usr/sbin/apache2'
[Mon Dec 08 20:10:31.278377 2025] [mpm_prefork:notice] [pid 106111] AH00171: Graceful restart requested, doing restart
[Mon Dec 08 20:10:31.339511 2025] [mpm_prefork:notice] [pid 106111] AH00163: Apache/2.4.58 (Ubuntu) OpenSSL/3.0.13 configured -- resuming normal operations
[Mon Dec 08 20:10:31.339535 2025] [core:notice] [pid 106111] AH00094: Command line: '/usr/sbin/apache2'
[Mon Dec 08 20:10:39.642020 2025] [mpm_prefork:notice] [pid 106111] AH00171: Graceful restart requested, doing restart
[Mon Dec 08 20:10:39.722431 2025] [mpm_prefork:notice] [pid 106111] AH00163: Apache/2.4.58 (Ubuntu) OpenSSL/3.0.13 configured -- resuming normal operations
[Mon Dec 08 20:10:39.722450 2025] [core:notice] [pid 106111] AH00094: Command line: '/usr/sbin/apache2'
[Mon Dec 08 20:10:40.375464 2025] [authz_core:error] [pid 107113] [client 167.172.158.128:51208] AH01630: client denied by server configuration: /var/www/html/gujjuticks.com/public/server-status
[Mon Dec 08 20:10:42.361777 2025] [authz_core:error] [pid 107115] [client 165.22.235.3:38038] AH01630: client denied by server configuration: /var/www/html/gujjuticks.com/public/server-status
[Mon Dec 08 20:12:18.046365 2025] [authz_core:error] [pid 107110] [client 68.183.180.73:44508] AH01630: client denied by server configuration: /var/www/html/tejasview.com/public/server-status
[Mon Dec 08 20:13:21.857261 2025] [mpm_prefork:notice] [pid 106111] AH00171: Graceful restart requested, doing restart
[Mon Dec 08 20:13:21.952094 2025] [mpm_prefork:notice] [pid 106111] AH00163: Apache/2.4.58 (Ubuntu) OpenSSL/3.0.13 configured -- resuming normal operations
[Mon Dec 08 20:13:21.952114 2025] [core:notice] [pid 106111] AH00094: Command line: '/usr/sbin/apache2'
